<?xml version="1.0" encoding="UTF-8"?>
<!-- Generated by org.testng.reporters.JUnitReportReporter -->
<testsuite skipped="0" hostname="CHELENL280" name="com.royalprestige.Kithchen_nutraese" tests="4" failures="0" timestamp="02 Jan 2020 04:41:44 GMT" time="182.996" errors="0">
  <testcase name="Toverifylink_kitchencharm" time="51.587" classname="com.royalprestige.Kithchen_nutraese"/>
  <testcase name="Toverifylink_kitchencharm" time="39.396" classname="com.royalprestige.Kithchen_nutraese"/>
  <testcase name="Toverifylink_Nutraese" time="39.838" classname="com.royalprestige.Kithchen_nutraese"/>
  <testcase name="Toverifylink_Nutraese" time="52.175" classname="com.royalprestige.Kithchen_nutraese"/>
</testsuite> <!-- com.royalprestige.Kithchen_nutraese -->
